TN:
SF:src\gestao.js
FN:2,(anonymous_0)
FN:13,(anonymous_1)
FN:21,(anonymous_2)
FN:22,(anonymous_3)
FN:25,(anonymous_4)
FN:26,(anonymous_5)
FN:29,(anonymous_6)
FN:33,(anonymous_7)
FN:40,(anonymous_8)
FN:41,(anonymous_9)
FN:44,(anonymous_10)
FN:48,(anonymous_11)
FN:49,(anonymous_12)
FN:52,(anonymous_13)
FN:53,(anonymous_14)
FN:56,(anonymous_15)
FN:63,(anonymous_16)
FN:68,(anonymous_17)
FN:72,(anonymous_18)
FN:73,(anonymous_19)
FN:76,(anonymous_20)
FN:77,(anonymous_21)
FN:80,(anonymous_22)
FN:84,(anonymous_23)
FN:91,(anonymous_24)
FN:92,(anonymous_25)
FN:95,(anonymous_26)
FN:96,(anonymous_27)
FN:99,(anonymous_28)
FN:103,(anonymous_29)
FN:104,(anonymous_30)
FN:107,(anonymous_31)
FN:114,(anonymous_32)
FN:115,(anonymous_33)
FN:118,(anonymous_34)
FN:119,(anonymous_35)
FN:123,(anonymous_36)
FN:127,(anonymous_37)
FN:128,(anonymous_38)
FN:131,(anonymous_39)
FN:135,(anonymous_40)
FN:136,(anonymous_41)
FN:139,(anonymous_42)
FN:146,(anonymous_43)
FN:150,(anonymous_44)
FN:152,(anonymous_45)
FN:156,(anonymous_46)
FN:160,(anonymous_47)
FN:164,(anonymous_48)
FN:168,(anonymous_49)
FN:172,(anonymous_50)
FN:176,(anonymous_51)
FNF:52
FNH:43
FNDA:21,(anonymous_0)
FNDA:14,(anonymous_1)
FNDA:1,(anonymous_2)
FNDA:1,(anonymous_3)
FNDA:4,(anonymous_4)
FNDA:3,(anonymous_5)
FNDA:1,(anonymous_6)
FNDA:0,(anonymous_7)
FNDA:1,(anonymous_8)
FNDA:2,(anonymous_9)
FNDA:1,(anonymous_10)
FNDA:2,(anonymous_11)
FNDA:6,(anonymous_12)
FNDA:1,(anonymous_13)
FNDA:2,(anonymous_14)
FNDA:1,(anonymous_15)
FNDA:1,(anonymous_16)
FNDA:11,(anonymous_17)
FNDA:0,(anonymous_18)
FNDA:0,(anonymous_19)
FNDA:2,(anonymous_20)
FNDA:2,(anonymous_21)
FNDA:1,(anonymous_22)
FNDA:0,(anonymous_23)
FNDA:1,(anonymous_24)
FNDA:2,(anonymous_25)
FNDA:1,(anonymous_26)
FNDA:1,(anonymous_27)
FNDA:1,(anonymous_28)
FNDA:1,(anonymous_29)
FNDA:2,(anonymous_30)
FNDA:1,(anonymous_31)
FNDA:1,(anonymous_32)
FNDA:2,(anonymous_33)
FNDA:0,(anonymous_34)
FNDA:0,(anonymous_35)
FNDA:4,(anonymous_36)
FNDA:0,(anonymous_37)
FNDA:0,(anonymous_38)
FNDA:1,(anonymous_39)
FNDA:1,(anonymous_40)
FNDA:1,(anonymous_41)
FNDA:0,(anonymous_42)
FNDA:1,(anonymous_43)
FNDA:1,(anonymous_44)
FNDA:1,(anonymous_45)
FNDA:7,(anonymous_46)
FNDA:7,(anonymous_47)
FNDA:2,(anonymous_48)
FNDA:1,(anonymous_49)
FNDA:1,(anonymous_50)
FNDA:1,(anonymous_51)
DA:3,21
DA:4,21
DA:5,21
DA:6,21
DA:14,14
DA:15,0
DA:17,14
DA:22,1
DA:26,4
DA:30,1
DA:34,0
DA:35,0
DA:36,0
DA:41,2
DA:45,1
DA:49,6
DA:53,2
DA:57,1
DA:58,1
DA:59,1
DA:64,1
DA:69,11
DA:73,0
DA:77,2
DA:81,1
DA:85,0
DA:86,0
DA:87,0
DA:92,2
DA:96,1
DA:100,1
DA:104,2
DA:108,1
DA:109,1
DA:110,1
DA:115,2
DA:119,0
DA:124,4
DA:128,0
DA:132,1
DA:136,1
DA:140,0
DA:141,0
DA:142,0
DA:147,1
DA:151,1
DA:152,1
DA:157,7
DA:161,7
DA:165,2
DA:169,1
DA:173,1
DA:177,1
DA:185,1
LF:54
LH:41
BRDA:14,0,0,0
BRDA:14,0,1,14
BRDA:14,1,0,14
BRDA:14,1,1,14
BRDA:35,2,0,0
BRDA:35,2,1,0
BRDA:58,3,0,1
BRDA:58,3,1,0
BRDA:86,4,0,0
BRDA:86,4,1,0
BRDA:109,5,0,1
BRDA:109,5,1,0
BRDA:141,6,0,0
BRDA:141,6,1,0
BRF:14
BRH:5
end_of_record
